# JRE version: OpenJDK Runtime Environment Temurin-21.0.10+7 (21.0.10+7) (build 21.0.10+7-LTS)
# Java VM: OpenJDK 64-Bit Server VM Temurin-21.0.10+7 (21.0.10+7-LTS, mixed mode, sharing, tiered, compressed oops, compressed class ptrs, parallel gc, windows-amd64)
GC Precious Log:
 CardTable entry size: 512
 CPUs: 2 total, 2 available
 Memory: 4095M
 Large Page Support: Disabled
 NUMA Support: Disabled
 Compressed Oops: Enabled (32-bit)
 Alignments: Space 512K, Generation 512K, Heap 2M
 Heap Min Capacity: 100M
 Heap Initial Capacity: 100M
 Heap Max Capacity: 2G
 Pre-touch: Disabled
 Parallel Workers: 2
Heap:
 PSYoungGen      total 16896K, used 8931K [0x00000000d5580000, 0x00000000d6c00000, 0x0000000100000000)
  eden space 13824K, 61% used [0x00000000d5580000,0x00000000d5dd4c50,0x00000000d6300000)
  from space 3072K, 13% used [0x00000000d6600000,0x00000000d6664010,0x00000000d6900000)
  to   space 1024K, 0% used [0x00000000d6b00000,0x00000000d6b00000,0x00000000d6c00000)
 ParOldGen       total 876544K, used 740701K [0x0000000080000000, 0x00000000b5800000, 0x00000000d5580000)
  object space 876544K, 84% used [0x0000000080000000,0x00000000ad357450,0x00000000b5800000)
 Metaspace       used 93289K, committed 94976K, reserved 1179648K
  class space    used 9302K, committed 10048K, reserved 1048576K
GC Heap History (20 events):
Event: 7413.404 GC heap before
{Heap before GC invocations=4098 (full 6):
 PSYoungGen      total 16384K, used 16096K [0x00000000d5580000, 0x00000000d6800000, 0x0000000100000000)
  eden space 13824K, 100% used [0x00000000d5580000,0x00000000d6300000,0x00000000d6300000)
  from space 2560K, 88% used [0x00000000d6300000,0x00000000d65382d0,0x00000000d6580000)
  to   space 2560K, 0% used [0x00000000d6580000,0x00000000d6580000,0x00000000d6800000)
 ParOldGen       total 876544K, used 729745K [0x0000000080000000, 0x00000000b5800000, 0x00000000d5580000)
  object space 876544K, 83% used [0x0000000080000000,0x00000000ac8a4658,0x00000000b5800000)
 Metaspace       used 93208K, committed 94912K, reserved 1179648K
  class space    used 9302K, committed 10048K, reserved 1048576K
}
Event: 7413.410 GC heap after
{Heap after GC invocations=4098 (full 6):
 PSYoungGen      total 14336K, used 177K [0x00000000d5580000, 0x00000000d6600000, 0x0000000100000000)
  eden space 13824K, 0% used [0x00000000d5580000,0x00000000d5580000,0x00000000d6300000)
  from space 512K, 34% used [0x00000000d6580000,0x00000000d65ac620,0x00000000d6600000)
  to   space 1024K, 0% used [0x00000000d6400000,0x00000000d6400000,0x00000000d6500000)
 ParOldGen       total 876544K, used 729971K [0x0000000080000000, 0x00000000b5800000, 0x00000000d5580000)
  object space 876544K, 83% used [0x0000000080000000,0x00000000ac8dccf8,0x00000000b5800000)
 Metaspace       used 93208K, committed 94912K, reserved 1179648K
  class space    used 9302K, committed 10048K, reserved 1048576K
}
Event: 7413.454 GC heap before
{Heap before GC invocations=4099 (full 6):
 PSYoungGen      total 14336K, used 13984K [0x00000000d5580000, 0x00000000d6600000, 0x0000000100000000)
  eden space 13824K, 99% used [0x00000000d5580000,0x00000000d62fbdd0,0x00000000d6300000)
  from space 512K, 34% used [0x00000000d6580000,0x00000000d65ac620,0x00000000d6600000)
  to   space 1024K, 0% used [0x00000000d6400000,0x00000000d6400000,0x00000000d6500000)
 ParOldGen       total 876544K, used 729971K [0x0000000080000000, 0x00000000b5800000, 0x00000000d5580000)
  object space 876544K, 83% used [0x0000000080000000,0x00000000ac8dccf8,0x00000000b5800000)
 Metaspace       used 93208K, committed 94912K, reserved 1179648K
  class space    used 9302K, committed 10048K, reserved 1048576K
}
Event: 7413.468 GC heap after
{Heap after GC invocations=4099 (full 6):
 PSYoungGen      total 14848K, used 658K [0x00000000d5580000, 0x00000000d6600000, 0x0000000100000000)
  eden space 13824K, 0% used [0x00000000d5580000,0x00000000d5580000,0x00000000d6300000)
  from space 1024K, 64% used [0x00000000d6400000,0x00000000d64a48e8,0x00000000d6500000)
  to   space 1024K, 0% used [0x00000000d6500000,0x00000000d6500000,0x00000000d6600000)
 ParOldGen       total 876544K, used 731578K [0x0000000080000000, 0x00000000b5800000, 0x00000000d5580000)
  object space 876544K, 83% used [0x0000000080000000,0x00000000aca6e960,0x00000000b5800000)
 Metaspace       used 93208K, committed 94912K, reserved 1179648K
  class space    used 9302K, committed 10048K, reserved 1048576K
}
Event: 7417.674 GC heap before
{Heap before GC invocations=4100 (full 6):
 PSYoungGen      total 14848K, used 14482K [0x00000000d5580000, 0x00000000d6600000, 0x0000000100000000)
  eden space 13824K, 100% used [0x00000000d5580000,0x00000000d6300000,0x00000000d6300000)
  from space 1024K, 64% used [0x00000000d6400000,0x00000000d64a48e8,0x00000000d6500000)
  to   space 1024K, 0% used [0x00000000d6500000,0x00000000d6500000,0x00000000d6600000)
 ParOldGen       total 876544K, used 731578K [0x0000000080000000, 0x00000000b5800000, 0x00000000d5580000)
  object space 876544K, 83% used [0x0000000080000000,0x00000000aca6e960,0x00000000b5800000)
 Metaspace       used 93221K, committed 94912K, reserved 1179648K
  class space    used 9302K, committed 10048K, reserved 1048576K
}
Event: 7417.679 GC heap after
{Heap after GC invocations=4100 (full 6):
 PSYoungGen      total 14336K, used 160K [0x00000000d5580000, 0x00000000d6580000, 0x0000000100000000)
  eden space 13824K, 0% used [0x00000000d5580000,0x00000000d5580000,0x00000000d6300000)
  from space 512K, 31% used [0x00000000d6500000,0x00000000d6528020,0x00000000d6580000)
  to   space 512K, 0% used [0x00000000d6480000,0x00000000d6480000,0x00000000d6500000)
 ParOldGen       total 876544K, used 731634K [0x0000000080000000, 0x00000000b5800000, 0x00000000d5580000)
  object space 876544K, 83% used [0x0000000080000000,0x00000000aca7caf0,0x00000000b5800000)
 Metaspace       used 93221K, committed 94912K, reserved 1179648K
  class space    used 9302K, committed 10048K, reserved 1048576K
}
Event: 7419.385 GC heap before
{Heap before GC invocations=4101 (full 6):
 PSYoungGen      total 14336K, used 13984K [0x00000000d5580000, 0x00000000d6580000, 0x0000000100000000)
  eden space 13824K, 100% used [0x00000000d5580000,0x00000000d6300000,0x00000000d6300000)
  from space 512K, 31% used [0x00000000d6500000,0x00000000d6528020,0x00000000d6580000)
  to   space 512K, 0% used [0x00000000d6480000,0x00000000d6480000,0x00000000d6500000)
 ParOldGen       total 876544K, used 731634K [0x0000000080000000, 0x00000000b5800000, 0x00000000d5580000)
  object space 876544K, 83% used [0x0000000080000000,0x00000000aca7caf0,0x00000000b5800000)
 Metaspace       used 93224K, committed 94912K, reserved 1179648K
  class space    used 9302K, committed 10048K, reserved 1048576K
}
Event: 7419.393 GC heap after
{Heap after GC invocations=4101 (full 6):
 PSYoungGen      total 14336K, used 480K [0x00000000d5580000, 0x00000000d6600000, 0x0000000100000000)
  eden space 13824K, 0% used [0x00000000d5580000,0x00000000d5580000,0x00000000d6300000)
  from space 512K, 93% used [0x00000000d6480000,0x00000000d64f8020,0x00000000d6500000)
  to   space 1024K, 0% used [0x00000000d6500000,0x00000000d6500000,0x00000000d6600000)
 ParOldGen       total 876544K, used 732109K [0x0000000080000000, 0x00000000b5800000, 0x00000000d5580000)
  object space 876544K, 83% used [0x0000000080000000,0x00000000acaf3690,0x00000000b5800000)
 Metaspace       used 93224K, committed 94912K, reserved 1179648K
  class space    used 9302K, committed 10048K, reserved 1048576K
}
Event: 7420.688 GC heap before
{Heap before GC invocations=4102 (full 6):
 PSYoungGen      total 14336K, used 14304K [0x00000000d5580000, 0x00000000d6600000, 0x0000000100000000)
  eden space 13824K, 100% used [0x00000000d5580000,0x00000000d6300000,0x00000000d6300000)
  from space 512K, 93% used [0x00000000d6480000,0x00000000d64f8020,0x00000000d6500000)
  to   space 1024K, 0% used [0x00000000d6500000,0x00000000d6500000,0x00000000d6600000)
 ParOldGen       total 876544K, used 732109K [0x0000000080000000, 0x00000000b5800000, 0x00000000d5580000)
  object space 876544K, 83% used [0x0000000080000000,0x00000000acaf3690,0x00000000b5800000)
 Metaspace       used 93228K, committed 94912K, reserved 1179648K
  class space    used 9302K, committed 10048K, reserved 1048576K
}
Event: 7420.697 GC heap after
{Heap after GC invocations=4102 (full 6):
 PSYoungGen      total 14336K, used 64K [0x00000000d5580000, 0x00000000d6580000, 0x0000000100000000)
  eden space 13824K, 0% used [0x00000000d5580000,0x00000000d5580000,0x00000000d6300000)
  from space 512K, 12% used [0x00000000d6500000,0x00000000d6510000,0x00000000d6580000)
  to   space 512K, 0% used [0x00000000d6480000,0x00000000d6480000,0x00000000d6500000)
 ParOldGen       total 876544K, used 732507K [0x0000000080000000, 0x00000000b5800000, 0x00000000d5580000)
  object space 876544K, 83% used [0x0000000080000000,0x00000000acb56cc0,0x00000000b5800000)
 Metaspace       used 93228K, committed 94912K, reserved 1179648K
  class space    used 9302K, committed 10048K, reserved 1048576K
}
Event: 7433.425 GC heap before
{Heap before GC invocations=4103 (full 6):
 PSYoungGen      total 14336K, used 13888K [0x00000000d5580000, 0x00000000d6580000, 0x0000000100000000)
  eden space 13824K, 100% used [0x00000000d5580000,0x00000000d6300000,0x00000000d6300000)
  from space 512K, 12% used [0x00000000d6500000,0x00000000d6510000,0x00000000d6580000)
  to   space 512K, 0% used [0x00000000d6480000,0x00000000d6480000,0x00000000d6500000)
 ParOldGen       total 876544K, used 732507K [0x0000000080000000, 0x00000000b5800000, 0x00000000d5580000)
  object space 876544K, 83% used [0x0000000080000000,0x00000000acb56cc0,0x00000000b5800000)
 Metaspace       used 93229K, committed 94912K, reserved 1179648K
  class space    used 9302K, committed 10048K, reserved 1048576K
}
Event: 7433.459 GC heap after
{Heap after GC invocations=4103 (full 6):
 PSYoungGen      total 14336K, used 480K [0x00000000d5580000, 0x00000000d6c00000, 0x0000000100000000)
  eden space 13824K, 0% used [0x00000000d5580000,0x00000000d5580000,0x00000000d6300000)
  from space 512K, 93% used [0x00000000d6480000,0x00000000d64f8020,0x00000000d6500000)
  to   space 4608K, 0% used [0x00000000d6780000,0x00000000d6780000,0x00000000d6c00000)
 ParOldGen       total 876544K, used 735877K [0x0000000080000000, 0x00000000b5800000, 0x00000000d5580000)
  object space 876544K, 83% used [0x0000000080000000,0x00000000acea1430,0x00000000b5800000)
 Metaspace       used 93229K, committed 94912K, reserved 1179648K
  class space    used 9302K, committed 10048K, reserved 1048576K
}
Event: 7434.827 GC heap before
{Heap before GC invocations=4104 (full 6):
 PSYoungGen      total 14336K, used 14304K [0x00000000d5580000, 0x00000000d6c00000, 0x0000000100000000)
  eden space 13824K, 100% used [0x00000000d5580000,0x00000000d6300000,0x00000000d6300000)
  from space 512K, 93% used [0x00000000d6480000,0x00000000d64f8020,0x00000000d6500000)
  to   space 4608K, 0% used [0x00000000d6780000,0x00000000d6780000,0x00000000d6c00000)
 ParOldGen       total 876544K, used 735877K [0x0000000080000000, 0x00000000b5800000, 0x00000000d5580000)
  object space 876544K, 83% used [0x0000000080000000,0x00000000acea1430,0x00000000b5800000)
 Metaspace       used 93229K, committed 94912K, reserved 1179648K
  class space    used 9302K, committed 10048K, reserved 1048576K
}
Event: 7434.837 GC heap after
{Heap after GC invocations=4104 (full 6):
 PSYoungGen      total 15360K, used 1120K [0x00000000d5580000, 0x00000000d6900000, 0x0000000100000000)
  eden space 13824K, 0% used [0x00000000d5580000,0x00000000d5580000,0x00000000d6300000)
  from space 1536K, 72% used [0x00000000d6780000,0x00000000d6898020,0x00000000d6900000)
  to   space 2560K, 0% used [0x00000000d6400000,0x00000000d6400000,0x00000000d6680000)
 ParOldGen       total 876544K, used 735893K [0x0000000080000000, 0x00000000b5800000, 0x00000000d5580000)
  object space 876544K, 83% used [0x0000000080000000,0x00000000acea5430,0x00000000b5800000)
 Metaspace       used 93229K, committed 94912K, reserved 1179648K
  class space    used 9302K, committed 10048K, reserved 1048576K
}
Event: 7435.920 GC heap before
{Heap before GC invocations=4105 (full 6):
 PSYoungGen      total 15360K, used 14944K [0x00000000d5580000, 0x00000000d6900000, 0x0000000100000000)
  eden space 13824K, 100% used [0x00000000d5580000,0x00000000d6300000,0x00000000d6300000)
  from space 1536K, 72% used [0x00000000d6780000,0x00000000d6898020,0x00000000d6900000)
  to   space 2560K, 0% used [0x00000000d6400000,0x00000000d6400000,0x00000000d6680000)
 ParOldGen       total 876544K, used 735893K [0x0000000080000000, 0x00000000b5800000, 0x00000000d5580000)
  object space 876544K, 83% used [0x0000000080000000,0x00000000acea5430,0x00000000b5800000)
 Metaspace       used 93230K, committed 94912K, reserved 1179648K
  class space    used 9302K, committed 10048K, reserved 1048576K
}
Event: 7435.968 GC heap after
{Heap after GC invocations=4105 (full 6):
 PSYoungGen      total 16384K, used 2553K [0x00000000d5580000, 0x00000000d7400000, 0x0000000100000000)
  eden space 13824K, 0% used [0x00000000d5580000,0x00000000d5580000,0x00000000d6300000)
  from space 2560K, 99% used [0x00000000d6400000,0x00000000d667e680,0x00000000d6680000)
  to   space 8704K, 0% used [0x00000000d6b80000,0x00000000d6b80000,0x00000000d7400000)
 ParOldGen       total 876544K, used 740485K [0x0000000080000000, 0x00000000b5800000, 0x00000000d5580000)
  object space 876544K, 84% used [0x0000000080000000,0x00000000ad321430,0x00000000b5800000)
 Metaspace       used 93230K, committed 94912K, reserved 1179648K
  class space    used 9302K, committed 10048K, reserved 1048576K
}
Event: 7436.383 GC heap before
{Heap before GC invocations=4106 (full 6):
 PSYoungGen      total 16384K, used 16278K [0x00000000d5580000, 0x00000000d7400000, 0x0000000100000000)
  eden space 13824K, 99% used [0x00000000d5580000,0x00000000d62e7308,0x00000000d6300000)
  from space 2560K, 99% used [0x00000000d6400000,0x00000000d667e680,0x00000000d6680000)
  to   space 8704K, 0% used [0x00000000d6b80000,0x00000000d6b80000,0x00000000d7400000)
 ParOldGen       total 876544K, used 740485K [0x0000000080000000, 0x00000000b5800000, 0x00000000d5580000)
  object space 876544K, 84% used [0x0000000080000000,0x00000000ad321430,0x00000000b5800000)
 Metaspace       used 93246K, committed 94976K, reserved 1179648K
  class space    used 9302K, committed 10048K, reserved 1048576K
}
Event: 7436.388 GC heap after
{Heap after GC invocations=4106 (full 6):
 PSYoungGen      total 14336K, used 256K [0x00000000d5580000, 0x00000000d6c00000, 0x0000000100000000)
  eden space 13824K, 0% used [0x00000000d5580000,0x00000000d5580000,0x00000000d6300000)
  from space 512K, 50% used [0x00000000d6b80000,0x00000000d6bc0020,0x00000000d6c00000)
  to   space 3072K, 0% used [0x00000000d6600000,0x00000000d6600000,0x00000000d6900000)
 ParOldGen       total 876544K, used 740501K [0x0000000080000000, 0x00000000b5800000, 0x00000000d5580000)
  object space 876544K, 84% used [0x0000000080000000,0x00000000ad325430,0x00000000b5800000)
 Metaspace       used 93246K, committed 94976K, reserved 1179648K
  class space    used 9302K, committed 10048K, reserved 1048576K
}
Event: 7437.071 GC heap before
{Heap before GC invocations=4107 (full 6):
 PSYoungGen      total 14336K, used 14080K [0x00000000d5580000, 0x00000000d6c00000, 0x0000000100000000)
  eden space 13824K, 100% used [0x00000000d5580000,0x00000000d6300000,0x00000000d6300000)
  from space 512K, 50% used [0x00000000d6b80000,0x00000000d6bc0020,0x00000000d6c00000)
  to   space 3072K, 0% used [0x00000000d6600000,0x00000000d6600000,0x00000000d6900000)
 ParOldGen       total 876544K, used 740501K [0x0000000080000000, 0x00000000b5800000, 0x00000000d5580000)
  object space 876544K, 84% used [0x0000000080000000,0x00000000ad325430,0x00000000b5800000)
 Metaspace       used 93247K, committed 94976K, reserved 1179648K
  class space    used 9302K, committed 10048K, reserved 1048576K
}
Event: 7437.079 GC heap after
{Heap after GC invocations=4107 (full 6):
 PSYoungGen      total 16896K, used 400K [0x00000000d5580000, 0x00000000d6c00000, 0x0000000100000000)
  eden space 13824K, 0% used [0x00000000d5580000,0x00000000d5580000,0x00000000d6300000)
  from space 3072K, 13% used [0x00000000d6600000,0x00000000d6664010,0x00000000d6900000)
  to   space 1024K, 0% used [0x00000000d6b00000,0x00000000d6b00000,0x00000000d6c00000)
 ParOldGen       total 876544K, used 740701K [0x0000000080000000, 0x00000000b5800000, 0x00000000d5580000)
  object space 876544K, 84% used [0x0000000080000000,0x00000000ad357450,0x00000000b5800000)
 Metaspace       used 93247K, committed 94976K, reserved 1179648K
  class space    used 9302K, committed 10048K, reserved 1048576K
}

